0  0  oo      0  2  oo     oo     oo     oo     
oo      1  1  oo      1  3  oo     oo     oo     
oo     oo      2  2  oo     oo     oo      2  6  
oo     oo     oo      3  3  oo      3  5  oo     
 0  0  oo     oo     oo      4  4  oo     oo     
oo     oo     oo     oo     oo      5  5   5  6  
oo      1  1  oo     oo      4  4  oo      6  6  
-------------------------------
 0  0  oo      0  2  oo     oo     oo     oo     
oo      1  1  oo      1  3  oo     oo     oo     
oo     oo      2  2  oo     oo     oo      2  6  
oo     oo     oo      3  3  oo      3  5  oo     
 0  0  oo      0  0  oo      4  4  oo     oo     
oo     oo     oo     oo     oo      5  5   5  6  
oo      1  1  oo     oo      4  4  oo      6  6  
-------------------------------
 0  0  oo      0  2  oo     oo     oo     oo     
oo      1  1  oo      1  3  oo     oo     oo     
oo     oo      2  2  oo     oo     oo      2  6  
oo     oo     oo      3  3  oo      3  5  oo     
 0  0  oo      0  0  oo      4  4  oo     oo     
oo     oo     oo     oo     oo      5  5   5  6  
oo      1  1  oo      1  1   4  4  oo      6  6  
-------------------------------
 0  0  oo      0  2  oo     oo     oo      0  2  
oo      1  1  oo      1  3  oo     oo     oo     
oo     oo      2  2  oo     oo     oo      2  6  
oo     oo     oo      3  3  oo      3  5  oo     
 0  0  oo      0  0  oo      4  4  oo      0  0  
oo     oo     oo     oo     oo      5  5   5  6  
oo      1  1  oo      1  1   4  4  oo      6  6  
-------------------------------
 0  0  oo      0  2  oo     oo     oo      0  2  
oo      1  1  oo      1  3  oo      1  3  oo     
oo     oo      2  2  oo     oo     oo      2  6  
oo     oo     oo      3  3  oo      3  5  oo     
 0  0  oo      0  0  oo      4  4  oo      0  0  
oo     oo     oo     oo     oo      5  5   5  6  
oo      1  1  oo      1  1   4  4   1  1   6  6  
-------------------------------
 0  0  oo      0  2  oo     oo     oo      0  2  
oo      1  1  oo      1  3  oo      1  3  oo     
oo     oo      2  2  oo     oo     oo      2  6  
oo     oo     oo      3  3  oo      3  5  oo     
 0  0  oo      0  0  oo      4  4  oo      0  0  
oo     oo     oo     oo     oo      5  5   5  6  
 0  4   1  1   0  4   1  1   4  4   1  1   0  6  
-------------------------------
 0  0  oo      0  2  oo     oo     oo      0  2  
oo      1  1  oo      1  3  oo      1  3   1  3  
oo     oo      2  2  oo     oo     oo      2  6  
oo     oo     oo      3  3  oo      3  5   3  5  
 0  0  oo      0  0  oo      4  4  oo      0  0  
oo     oo     oo     oo     oo      5  5   5  6  
 0  4   1  1   0  4   1  1   4  4   1  1   0  6  
-------------------------------
 0  0   0  2   0  2   0  2   0  2   0  2   0  2  
 0  3   0  1   0  3   0  3   0  3   0  3   0  3  
 0  6   0  6   0  2   0  6   0  6   0  6   0  6  
 0  5   0  5   0  5   0  3   0  5   0  5   0  5  
 0  0   0  0   0  0   0  0   0  4   0  0   0  0  
 0  6   0  6   0  6   0  6   0  6   0  5   0  6  
 0  4   0  1   0  4   0  1   0  4   0  1   0  6  
-------------------------------
Vertex 0 is a leader
Vertex path to leader is:  1 3 5 6 4 0
Vertex path from leader is:  0 2 6 1
Vertex path to leader is:  2 6 4 0
Vertex path from leader is:  0 2
Vertex path to leader is:  3 5 6 4 0
Vertex path from leader is:  0 2 6 1 3
Vertex path to leader is:  4 0
Vertex path from leader is:  0 2 6 4
Vertex path to leader is:  5 6 4 0
Vertex path from leader is:  0 2 6 1 3 5
Vertex path to leader is:  6 4 0
Vertex path from leader is:  0 2 6